{"name":"getEmployeeDetails","id":"RestassuredTests.Get_Request:getEmployeeDetails","testCaseName":"RestassuredTests.Get_Request","userStory":{"id":"RestassuredTests.Get_Request","storyName":"Get request","displayName":"Get request","storyClassName":"RestassuredTests.Get_Request","path":"RestassuredTests","type":"story"},"featureTag":{"name":"Restassured tests/Get request","type":"story","displayName":"Restassured tests/Get request"},"title":"Get employee details","tags":[{"name":"Restassured tests/Get request","type":"story","displayName":"Restassured tests/Get request"}],"startTime":"2022-07-01T23:55:47.640+05:30[Asia/Colombo]","duration":2499,"testFailureCause":{"errorType":"java.lang.AssertionError","message":"1 expectation failed.\nJSON path email doesn\u0027t match.\nExpected: janet.weaver@reqres.in\n  Actual: null\n","stackTrace":[{"declaringClass":"io.restassured.internal.ResponseSpecificationImpl","methodName":"validateResponseIfRequired","fileName":"ResponseSpecificationImpl.groovy","lineNumber":687},{"declaringClass":"io.restassured.internal.ResponseSpecificationImpl","methodName":"this$2$validateResponseIfRequired","fileName":"ResponseSpecificationImpl.groovy","lineNumber":-1},{"declaringClass":"io.restassured.internal.ResponseSpecificationImpl","methodName":"body","fileName":"ResponseSpecificationImpl.groovy","lineNumber":263},{"declaringClass":"io.restassured.internal.ResponseSpecificationImpl","methodName":"body","fileName":"ResponseSpecificationImpl.groovy","lineNumber":110},{"declaringClass":"io.restassured.internal.ValidatableResponseOptionsImpl","methodName":"body","fileName":"ValidatableResponseOptionsImpl.java","lineNumber":244},{"declaringClass":"RestassuredTests.Get_Request","methodName":"getEmployeeDetails","fileName":"Get_Request.java","lineNumber":34},{"declaringClass":"worker.org.gradle.process.internal.worker.GradleWorkerMain","methodName":"run","fileName":"GradleWorkerMain.java","lineNumber":69},{"declaringClass":"worker.org.gradle.process.internal.worker.GradleWorkerMain","methodName":"main","fileName":"GradleWorkerMain.java","lineNumber":74}]},"testFailureClassname":"java.lang.AssertionError","testFailureMessage":"1 expectation failed.\nJSON path email doesn\u0027t match.\nExpected: janet.weaver@reqres.in\n  Actual: null\n","testFailureSummary":"FAILURE;java.lang.AssertionError;1 expectation failed.\nJSON path email doesn\u0027t match.\nExpected: janet.weaver@reqres.in\n  Actual: null\n;ResponseSpecificationImpl.groovy","projectKey":"","annotatedResult":"FAILURE","driver":"","isManualTestingUpToDate":false,"manual":false,"testSource":"JUnit","order":0,"result":"FAILURE"}