<?xml version="1.0" encoding="UTF-8" standalone="no"?><testsuite errors="0" failures="0" name="RestassuredTests.BasicValidationXML" skipped="0" tests="5" time="5.58" timestamp="2022-07-04 01:19:12"><testcase classname="RestassuredTests.BasicValidationXML" name="Multiple single content"/><testcase classname="RestassuredTests.BasicValidationXML" name="Multiple single content onego"/><testcase classname="RestassuredTests.BasicValidationXML" name="Test single content"/><testcase classname="RestassuredTests.BasicValidationXML" name="Test using xpath1"/><testcase classname="RestassuredTests.BasicValidationXML" name="Test using xpath2"/></testsuite>