<?xml version="1.0" encoding="UTF-8" standalone="no"?><testsuite errors="0" failures="0" name="RestassuredTests.BasicValidations" skipped="0" tests="5" time="3.9" timestamp="2022-07-03 01:02:40"><testcase classname="RestassuredTests.BasicValidations" name="Test status code"/><testcase classname="RestassuredTests.BasicValidations" name="Test parameterand header"/><testcase classname="RestassuredTests.BasicValidations" name="Test multiple contents"/><testcase classname="RestassuredTests.BasicValidations" name="Test logging"/><testcase classname="RestassuredTests.BasicValidations" name="Test single content"/></testsuite>