<?xml version="1.0" encoding="UTF-8" standalone="no"?><testsuite errors="0" failures="0" name="RestassuredTests.BasicValidationXML" skipped="0" tests="5" time="3.92" timestamp="2022-07-12 11:07:41"><testcase classname="RestassuredTests.BasicValidationXML" name="Multiple single content"/><testcase classname="RestassuredTests.BasicValidationXML" name="Multiple single content onego"/><testcase classname="RestassuredTests.BasicValidationXML" name="Test single content"/><testcase classname="RestassuredTests.BasicValidationXML" name="Test using xpath1"/><testcase classname="RestassuredTests.BasicValidationXML" name="Test using xpath2"/></testsuite>